<?xml version="1.0" encoding="UTF-8"?>
<testsuite xmlns:xsi="http://www.w3.org/2001/XMLSchema-instance" xsi:noNamespaceSchemaLocation="https://maven.apache.org/surefire/maven-surefire-plugin/xsd/surefire-test-report.xsd" version="3.0.2" name="com.solveria.iamservice.architecture.IamArchitectureTest" time="45.425" tests="5" errors="0" skipped="0" failures="0">
  <properties>
[...]
</properties>
  <testcase name="exceptions_shouldExtendRuntimeException" classname="com.solveria.iamservice.architecture.IamArchitectureTest" time="1.0">
    <system-out><![CDATA[13:52:00.983 [main] INFO com.tngtech.archunit.core.PluginLoader -- Detected Java version 21.0.2
]]></system-out>
  </testcase>
  <testcase name="dto_classesShouldResideInCorrectPackage" classname="com.solveria.iamservice.architecture.IamArchitectureTest" time="0.015"/>
  <testcase name="controllers_shouldBeAnnotatedWithRestController" classname="com.solveria.iamservice.architecture.IamArchitectureTest" time="0.028"/>
  <testcase name="orchestrators_shouldBeNamedCorrectly" classname="com.solveria.iamservice.architecture.IamArchitectureTest" time="0.009"/>
  <testcase name="config_classesShouldBeAnnotatedWithConfiguration" classname="com.solveria.iamservice.architecture.IamArchitectureTest" time="0.012"/>
</testsuite>